<?xml version="1.0" encoding="UTF-8"?>
<!-- Generated by org.testng.reporters.JUnitXMLReporter -->
<testsuite ignored="0" hostname="mounika_mutta" failures="0" tests="2" name="Test" time="10.226" errors="0" timestamp="2023-03-07T17:54:44 IST">
  <testcase classname="com.rameshsoft.automation.application.businessscripts.OpencartTestCase" name="verifyLaptopNoteBooksCount" time="8.477"/>
  <testcase classname="com.rameshsoft.automation.application.businessscripts.OpencartTestCase" name="verifyMainHeaders" time="1.289"/>
</testsuite> <!-- Test -->
